<?xml version="1.0" encoding="UTF-8"?>
<testng-results skipped="0" failed="0" ignored="0" total="2" passed="2">
  <reporter-output>
  </reporter-output>
  <suite name="Default suite" duration-ms="166" started-at="2021-03-19T16:29:01 IST" finished-at="2021-03-19T16:29:01 IST">
    <groups>
    </groups>
    <test name="Default test" duration-ms="166" started-at="2021-03-19T16:29:01 IST" finished-at="2021-03-19T16:29:01 IST">
      <class name="selenium.testng">
        <test-method status="PASS" signature="beforeSuite()[pri:0, instance:selenium.testng@2833cc44]" name="beforeSuite" is-config="true" duration-ms="42" started-at="2021-03-19T16:29:01 IST" finished-at="2021-03-19T16:29:01 IST">
          <reporter-output>
          </reporter-output>
        </test-method> <!-- beforeSuite -->
        <test-method status="PASS" signature="beforeTest()[pri:0, instance:selenium.testng@2833cc44]" name="beforeTest" is-config="true" duration-ms="2" started-at="2021-03-19T16:29:01 IST" finished-at="2021-03-19T16:29:01 IST">
          <reporter-output>
          </reporter-output>
        </test-method> <!-- beforeTest -->
        <test-method status="PASS" signature="beforeClass()[pri:0, instance:selenium.testng@2833cc44]" name="beforeClass" is-config="true" duration-ms="1" started-at="2021-03-19T16:29:01 IST" finished-at="2021-03-19T16:29:01 IST">
          <reporter-output>
          </reporter-output>
        </test-method> <!-- beforeClass -->
        <test-method status="PASS" signature="beforeMethod()[pri:0, instance:selenium.testng@2833cc44]" name="beforeMethod" is-config="true" duration-ms="1" started-at="2021-03-19T16:29:01 IST" finished-at="2021-03-19T16:29:01 IST">
          <reporter-output>
          </reporter-output>
        </test-method> <!-- beforeMethod -->
        <test-method status="PASS" signature="testCase1()[pri:0, instance:selenium.testng@2833cc44]" name="testCase1" duration-ms="22" started-at="2021-03-19T16:29:01 IST" finished-at="2021-03-19T16:29:01 IST">
          <reporter-output>
          </reporter-output>
        </test-method> <!-- testCase1 -->
        <test-method status="PASS" signature="afterMethod()[pri:0, instance:selenium.testng@2833cc44]" name="afterMethod" is-config="true" duration-ms="7" started-at="2021-03-19T16:29:01 IST" finished-at="2021-03-19T16:29:01 IST">
          <reporter-output>
          </reporter-output>
        </test-method> <!-- afterMethod -->
        <test-method status="PASS" signature="beforeMethod()[pri:0, instance:selenium.testng@2833cc44]" name="beforeMethod" is-config="true" duration-ms="1" started-at="2021-03-19T16:29:01 IST" finished-at="2021-03-19T16:29:01 IST">
          <reporter-output>
          </reporter-output>
        </test-method> <!-- beforeMethod -->
        <test-method status="PASS" signature="testCase2()[pri:0, instance:selenium.testng@2833cc44]" name="testCase2" duration-ms="7" started-at="2021-03-19T16:29:01 IST" finished-at="2021-03-19T16:29:01 IST">
          <reporter-output>
          </reporter-output>
        </test-method> <!-- testCase2 -->
        <test-method status="PASS" signature="afterMethod()[pri:0, instance:selenium.testng@2833cc44]" name="afterMethod" is-config="true" duration-ms="1" started-at="2021-03-19T16:29:01 IST" finished-at="2021-03-19T16:29:01 IST">
          <reporter-output>
          </reporter-output>
        </test-method> <!-- afterMethod -->
        <test-method status="PASS" signature="afterClass()[pri:0, instance:selenium.testng@2833cc44]" name="afterClass" is-config="true" duration-ms="1" started-at="2021-03-19T16:29:01 IST" finished-at="2021-03-19T16:29:01 IST">
          <reporter-output>
          </reporter-output>
        </test-method> <!-- afterClass -->
        <test-method status="PASS" signature="afterTest()[pri:0, instance:selenium.testng@2833cc44]" name="afterTest" is-config="true" duration-ms="3" started-at="2021-03-19T16:29:01 IST" finished-at="2021-03-19T16:29:01 IST">
          <reporter-output>
          </reporter-output>
        </test-method> <!-- afterTest -->
        <test-method status="PASS" signature="afterSuite()[pri:0, instance:selenium.testng@2833cc44]" name="afterSuite" is-config="true" duration-ms="2" started-at="2021-03-19T16:29:01 IST" finished-at="2021-03-19T16:29:01 IST">
          <reporter-output>
          </reporter-output>
        </test-method> <!-- afterSuite -->
      </class> <!-- selenium.testng -->
    </test> <!-- Default test -->
  </suite> <!-- Default suite -->
</testng-results>
